<?xml version="1.0" encoding="UTF-8"?>
<coverage generated="1725672496265" clover="3.2.0">
  <project timestamp="1725672496265" name="All files">
    <metrics statements="11" coveredstatements="11" conditionals="10" coveredconditionals="10" methods="9" coveredmethods="9" elements="30" coveredelements="30" complexity="0" loc="11" ncloc="11" packages="1" files="1" classes="1"/>
    <file name="Comparator.js" path="/var/www/DSA/src/utils/comparator/Comparator.js">
      <metrics statements="11" coveredstatements="11" conditionals="10" coveredconditionals="10" methods="9" coveredmethods="9"/>
      <line num="8" count="2" type="cond" truecount="2" falsecount="0"/>
      <line num="18" count="21" type="cond" truecount="2" falsecount="0"/>
      <line num="19" count="9" type="stmt"/>
      <line num="22" count="12" type="cond" truecount="2" falsecount="0"/>
      <line num="32" count="16" type="stmt"/>
      <line num="42" count="10" type="stmt"/>
      <line num="52" count="11" type="stmt"/>
      <line num="62" count="3" type="cond" truecount="2" falsecount="0"/>
      <line num="72" count="9" type="cond" truecount="2" falsecount="0"/>
      <line num="79" count="1" type="stmt"/>
      <line num="80" count="8" type="stmt"/>
    </file>
  </project>
</coverage>
