{"/var/www/DSA/src/utils/comparator/Comparator.js": {"path":"/var/www/DSA/src/utils/comparator/Comparator.js","statementMap":{"0":{"start":{"line":8,"column":4},"end":{"line":8,"column":72}},"1":{"start":{"line":18,"column":4},"end":{"line":20,"column":5}},"2":{"start":{"line":19,"column":6},"end":{"line":19,"column":15}},"3":{"start":{"line":22,"column":4},"end":{"line":22,"column":26}},"4":{"start":{"line":32,"column":4},"end":{"line":32,"column":36}},"5":{"start":{"line":42,"column":4},"end":{"line":42,"column":34}},"6":{"start":{"line":52,"column":4},"end":{"line":52,"column":34}},"7":{"start":{"line":62,"column":4},"end":{"line":62,"column":51}},"8":{"start":{"line":72,"column":4},"end":{"line":72,"column":54}},"9":{"start":{"line":79,"column":28},"end":{"line":79,"column":40}},"10":{"start":{"line":80,"column":4},"end":{"line":80,"column":51}},"11":{"start":{"line":80,"column":29},"end":{"line":80,"column":50}}},"fnMap":{"0":{"name":"(anonymous_0)","decl":{"start":{"line":7,"column":2},"end":{"line":7,"column":3}},"loc":{"start":{"line":7,"column":31},"end":{"line":9,"column":3}},"line":7},"1":{"name":"(anonymous_1)","decl":{"start":{"line":17,"column":2},"end":{"line":17,"column":3}},"loc":{"start":{"line":17,"column":38},"end":{"line":23,"column":3}},"line":17},"2":{"name":"(anonymous_2)","decl":{"start":{"line":31,"column":2},"end":{"line":31,"column":3}},"loc":{"start":{"line":31,"column":14},"end":{"line":33,"column":3}},"line":31},"3":{"name":"(anonymous_3)","decl":{"start":{"line":41,"column":2},"end":{"line":41,"column":3}},"loc":{"start":{"line":41,"column":17},"end":{"line":43,"column":3}},"line":41},"4":{"name":"(anonymous_4)","decl":{"start":{"line":51,"column":2},"end":{"line":51,"column":3}},"loc":{"start":{"line":51,"column":20},"end":{"line":53,"column":3}},"line":51},"5":{"name":"(anonymous_5)","decl":{"start":{"line":61,"column":2},"end":{"line":61,"column":3}},"loc":{"start":{"line":61,"column":24},"end":{"line":63,"column":3}},"line":61},"6":{"name":"(anonymous_6)","decl":{"start":{"line":71,"column":2},"end":{"line":71,"column":3}},"loc":{"start":{"line":71,"column":27},"end":{"line":73,"column":3}},"line":71},"7":{"name":"(anonymous_7)","decl":{"start":{"line":78,"column":2},"end":{"line":78,"column":3}},"loc":{"start":{"line":78,"column":12},"end":{"line":81,"column":3}},"line":78},"8":{"name":"(anonymous_8)","decl":{"start":{"line":80,"column":19},"end":{"line":80,"column":20}},"loc":{"start":{"line":80,"column":29},"end":{"line":80,"column":50}},"line":80}},"branchMap":{"0":{"loc":{"start":{"line":8,"column":19},"end":{"line":8,"column":71}},"type":"binary-expr","locations":[{"start":{"line":8,"column":19},"end":{"line":8,"column":34}},{"start":{"line":8,"column":38},"end":{"line":8,"column":71}}],"line":8},"1":{"loc":{"start":{"line":18,"column":4},"end":{"line":20,"column":5}},"type":"if","locations":[{"start":{"line":18,"column":4},"end":{"line":20,"column":5}},{"start":{},"end":{}}],"line":18},"2":{"loc":{"start":{"line":22,"column":11},"end":{"line":22,"column":25}},"type":"cond-expr","locations":[{"start":{"line":22,"column":19},"end":{"line":22,"column":21}},{"start":{"line":22,"column":24},"end":{"line":22,"column":25}}],"line":22},"3":{"loc":{"start":{"line":62,"column":11},"end":{"line":62,"column":50}},"type":"binary-expr","locations":[{"start":{"line":62,"column":11},"end":{"line":62,"column":30}},{"start":{"line":62,"column":34},"end":{"line":62,"column":50}}],"line":62},"4":{"loc":{"start":{"line":72,"column":11},"end":{"line":72,"column":53}},"type":"binary-expr","locations":[{"start":{"line":72,"column":11},"end":{"line":72,"column":33}},{"start":{"line":72,"column":37},"end":{"line":72,"column":53}}],"line":72}},"s":{"0":2,"1":21,"2":9,"3":12,"4":16,"5":10,"6":11,"7":3,"8":9,"9":1,"10":1,"11":8},"f":{"0":2,"1":21,"2":16,"3":10,"4":11,"5":3,"6":9,"7":1,"8":8},"b":{"0":[2,1],"1":[9,12],"2":[7,5],"3":[3,3],"4":[9,6]},"_coverageSchema":"1a1c01bbd47fc00a2c39e90264f33305004495a9","hash":"ee4db5450ebac2358eb0ba730744b4437bbadfee"}
}
