TN:
SF:src/utils/comparator/Comparator.js
FN:7,(anonymous_0)
FN:17,(anonymous_1)
FN:31,(anonymous_2)
FN:41,(anonymous_3)
FN:51,(anonymous_4)
FN:61,(anonymous_5)
FN:71,(anonymous_6)
FN:78,(anonymous_7)
FN:80,(anonymous_8)
FNF:9
FNH:9
FNDA:2,(anonymous_0)
FNDA:21,(anonymous_1)
FNDA:16,(anonymous_2)
FNDA:10,(anonymous_3)
FNDA:11,(anonymous_4)
FNDA:3,(anonymous_5)
FNDA:9,(anonymous_6)
FNDA:1,(anonymous_7)
FNDA:8,(anonymous_8)
DA:8,2
DA:18,21
DA:19,9
DA:22,12
DA:32,16
DA:42,10
DA:52,11
DA:62,3
DA:72,9
DA:79,1
DA:80,8
LF:11
LH:11
BRDA:8,0,0,2
BRDA:8,0,1,1
BRDA:18,1,0,9
BRDA:18,1,1,12
BRDA:22,2,0,7
BRDA:22,2,1,5
BRDA:62,3,0,3
BRDA:62,3,1,3
BRDA:72,4,0,9
BRDA:72,4,1,6
BRF:10
BRH:10
end_of_record
